=======MENU=========
1 - Print Hello World
2 - Calculate Average
3 - Judge Leap Year
4 - Palindromes
5 - EXIT
Hello World

=======MENU=========
1 - Print Hello World
2 - Calculate Average
3 - Judge Leap Year
4 - Palindromes
5 - EXIT
Hello World

=======MENU=========
1 - Print Hello World
2 - Calculate Average
3 - Judge Leap Year
4 - Palindromes
5 - EXIT
Hello World

=======MENU=========
1 - Print Hello World
2 - Calculate Average
3 - Judge Leap Year
4 - Palindromes
5 - EXIT
30.00
NOT PASS

=======MENU=========
1 - Print Hello World
2 - Calculate Average
3 - Judge Leap Year
4 - Palindromes
5 - EXIT
Not Leap Year

=======MENU=========
1 - Print Hello World
2 - Calculate Average
3 - Judge Leap Year
4 - Palindromes
5 - EXIT
No

=======MENU=========
1 - Print Hello World
2 - Calculate Average
3 - Judge Leap Year
4 - Palindromes
5 - EXIT

